SonarCloud plugins:
  - IaC Code Quality and Security 1.9.2.2279 (iac)
  - PL/SQL Code Quality and Security 3.7.0.4372 (plsql)
  - Scala Code Quality and Security 1.10.0.3710 (sonarscala)
  - C# Code Quality and Security 8.46.0.54807 (csharp)
  - Vulnerability Analysis 9.6.1.17278 (security)
  - Java Code Quality and Security 7.14.0.30229 (java)
  - HTML Code Quality and Security 3.6.0.3106 (web)
  - Flex Code Quality and Security 2.7.0.2865 (flex)
  - XML Code Quality and Security 2.6.1.3686 (xml)
  - Text file Code Quality and Security 1.1.0.282 (text)
  - VB.NET Code Quality and Security 8.46.0.54807 (vbnet)
  - Swift Code Quality and Security 4.6.1.5444 (swift)
  - CFamily Code Quality and Security 6.37.0.60132 (cpp)
  - Python Code Quality and Security 3.18.0.10116 (python)
  - Dataflow Bug Detection Rules for Python 1.7.0.2417 (dbdpythonfrontend)
  - Dataflow Bug Detection 1.7.0.2417 (dbd)
  - Go Code Quality and Security 1.10.0.3710 (go)
  - JaCoCo 1.1.1.1157 (jacoco)
  - Kotlin Code Quality and Security 2.10.0.1456 (kotlin)
  - Dataflow Bug Detection Rules for Java 1.7.0.2417 (dbdjavafrontend)
  - T-SQL Code Quality and Security 1.6.0.4844 (tsql)
  - Apex Code Quality and Security 1.10.0.3710 (sonarapex)
  - JavaScript/TypeScript/CSS Code Quality and Security 9.8.0.19239 (javascript)
  - Ruby Code Quality and Security 1.10.0.3710 (ruby)
  - Vulnerability Rules for C# 9.6.1.17278 (securitycsharpfrontend)
  - Vulnerability Rules for Java 9.6.1.17278 (securityjavafrontend)
  - License for SonarLint 8.0.0.33236 (license)
  - Vulnerability Rules for JS 9.6.1.17278 (securityjsfrontend)
  - COBOL Code Quality 5.0.0.5433 (cobol)
  - Vulnerability Rules for Python 9.6.1.17278 (securitypythonfrontend)
  - PHP Code Quality and Security 3.25.0.9077 (php)
  - ABAP Code Quality and Security 3.11.0.4030 (abap)
  - Configuration detection fot Code Quality and Security 1.2.0.267 (config)
  - Vulnerability Rules for PHP 9.6.1.17278 (securityphpfrontend)
Global server settings:
  - email.from=noreply@sonarcloud.io
  - email.fromName=SonarCloud
  - email.prefix=[SonarCloud]
  - sonar.auth.bitbucket.enabled=true
  - sonar.auth.microsoft.enabled=true
  - sonar.core.id=1BD809FA-AWHW8ct9-T_TB3XqouNu
  - sonar.core.serverBaseURL=https://sonarcloud.io
  - sonar.core.startTime=2022-10-10T15:37:43+0200
  - sonar.dbcleaner.weeksBeforeDeletingAllSnapshots=260
  - sonar.dbcleaner.weeksBeforeKeepingOnlyOneSnapshotByMonth=4
  - sonar.dbcleaner.weeksBeforeKeepingOnlyOneSnapshotByWeek=1
  - sonar.global.exclusions=**/build-wrapper-dump.json
  - sonar.lf.enableGravatar=true
  - sonar.lf.logoWidthPx=105
  - sonar.maintenance_mode.link=https://sonarcloud.statuspage.io/incidents/66vlr4dc3jwy
  - sonar.maintenance_mode.message=Results of analyses performed prior to 6:15am CET may not be available yet and will be progressively provided throughout coming hours. Results of analysis performed after 8:00am CET are available.
  - sonar.maintenance_mode.start_date=2022-03-26T23:00:00.000+01:00
  - sonar.organizations.anyoneCanCreate=true
  - sonar.organizations.createPersonalOrg=true
  - sonar.plsql.file.suffixes=sql,tab,pkb
  - sonar.tsql.file.suffixes=.tsql
Project server settings:
  - sonar.autoscan.enabled=false
Project scanner properties:
  - sonar.host.url=https://sonarcloud.io
  - sonar.javascript.lcov.reportPaths=/home/brynjarog/Documents/island.is/coverage/apps/web/lcov.info
  - sonar.organization=island-is
  - sonar.projectBaseDir=/home/brynjarog/Documents/island.is/apps/web
  - sonar.projectKey=island-is_monorepo_web
  - sonar.scanner.app=ScannerCLI
  - sonar.scanner.appVersion=4.7.0.2747
  - sonar.sourceEncoding=UTF-8
  - sonar.sources=.
  - sonar.working.directory=/home/brynjarog/Documents/island.is/apps/web/.scannerwork
